# JRE version: OpenJDK Runtime Environment (8.0_191-b12) (build 1.8.0_191-8u191-b12-2ubuntu0.18.04.1-b12)
# Java VM: OpenJDK 64-Bit Server VM (25.191-b12 mixed mode linux-amd64 compressed oops)
Heap:
 PSYoungGen      total 138240K, used 10224K [0x000000076dd00000, 0x0000000776e00000, 0x00000007c0000000)
  eden space 128000K, 0% used [0x000000076dd00000,0x000000076dd00000,0x0000000775a00000)
  from space 10240K, 99% used [0x0000000775a00000,0x00000007763fc060,0x0000000776400000)
  to   space 10240K, 0% used [0x0000000776400000,0x0000000776400000,0x0000000776e00000)
 ParOldGen       total 169472K, used 8588K [0x00000006c9600000, 0x00000006d3b80000, 0x000000076dd00000)
  object space 169472K, 5% used [0x00000006c9600000,0x00000006c9e631c8,0x00000006d3b80000)
 Metaspace       used 18700K, capacity 19158K, committed 19456K, reserved 1067008K
  class space    used 2117K, capacity 2201K, committed 2304K, reserved 1048576K
GC Heap History (9 events):
Event: 0,725 GC heap before
{Heap before GC invocations=1 (full 0):
 PSYoungGen      total 74240K, used 64000K [0x000000076dd00000, 0x0000000772f80000, 0x00000007c0000000)
  eden space 64000K, 100% used [0x000000076dd00000,0x0000000771b80000,0x0000000771b80000)
  from space 10240K, 0% used [0x0000000772580000,0x0000000772580000,0x0000000772f80000)
  to   space 10240K, 0% used [0x0000000771b80000,0x0000000771b80000,0x0000000772580000)
 ParOldGen       total 169472K, used 0K [0x00000006c9600000, 0x00000006d3b80000, 0x000000076dd00000)
  object space 169472K, 0% used [0x00000006c9600000,0x00000006c9600000,0x00000006d3b80000)
 Metaspace       used 11074K, capacity 11234K, committed 11520K, reserved 1058816K
  class space    used 1362K, capacity 1443K, committed 1536K, reserved 1048576K
Event: 0,732 GC heap after
Heap after GC invocations=1 (full 0):
 PSYoungGen      total 74240K, used 9311K [0x000000076dd00000, 0x0000000772f80000, 0x00000007c0000000)
  eden space 64000K, 0% used [0x000000076dd00000,0x000000076dd00000,0x0000000771b80000)
  from space 10240K, 90% used [0x0000000771b80000,0x0000000772497cb8,0x0000000772580000)
  to   space 10240K, 0% used [0x0000000772580000,0x0000000772580000,0x0000000772f80000)
 ParOldGen       total 169472K, used 16K [0x00000006c9600000, 0x00000006d3b80000, 0x000000076dd00000)
  object space 169472K, 0% used [0x00000006c9600000,0x00000006c9604000,0x00000006d3b80000)
 Metaspace       used 11074K, capacity 11234K, committed 11520K, reserved 1058816K
  class space    used 1362K, capacity 1443K, committed 1536K, reserved 1048576K
}
Event: 1,455 GC heap before
{Heap before GC invocations=2 (full 0):
 PSYoungGen      total 74240K, used 73311K [0x000000076dd00000, 0x0000000772f80000, 0x00000007c0000000)
  eden space 64000K, 100% used [0x000000076dd00000,0x0000000771b80000,0x0000000771b80000)
  from space 10240K, 90% used [0x0000000771b80000,0x0000000772497cb8,0x0000000772580000)
  to   space 10240K, 0% used [0x0000000772580000,0x0000000772580000,0x0000000772f80000)
 ParOldGen       total 169472K, used 16K [0x00000006c9600000, 0x00000006d3b80000, 0x000000076dd00000)
  object space 169472K, 0% used [0x00000006c9600000,0x00000006c9604000,0x00000006d3b80000)
 Metaspace       used 16298K, capacity 16600K, committed 16896K, reserved 1064960K
  class space    used 1934K, capacity 2041K, committed 2048K, reserved 1048576K
Event: 1,475 GC heap after
Heap after GC invocations=2 (full 0):
 PSYoungGen      total 74240K, used 8710K [0x000000076dd00000, 0x0000000776e00000, 0x00000007c0000000)
  eden space 64000K, 0% used [0x000000076dd00000,0x000000076dd00000,0x0000000771b80000)
  from space 10240K, 85% used [0x0000000772580000,0x0000000772e01b50,0x0000000772f80000)
  to   space 10240K, 0% used [0x0000000771b80000,0x0000000771b80000,0x0000000772580000)
 ParOldGen       total 169472K, used 32K [0x00000006c9600000, 0x00000006d3b80000, 0x000000076dd00000)
  object space 169472K, 0% used [0x00000006c9600000,0x00000006c9608000,0x00000006d3b80000)
 Metaspace       used 16298K, capacity 16600K, committed 16896K, reserved 1064960K
  class space    used 1934K, capacity 2041K, committed 2048K, reserved 1048576K
}
Event: 1,912 GC heap before
{Heap before GC invocations=3 (full 0):
 PSYoungGen      total 74240K, used 72710K [0x000000076dd00000, 0x0000000776e00000, 0x00000007c0000000)
  eden space 64000K, 100% used [0x000000076dd00000,0x0000000771b80000,0x0000000771b80000)
  from space 10240K, 85% used [0x0000000772580000,0x0000000772e01b50,0x0000000772f80000)
  to   space 10240K, 0% used [0x0000000771b80000,0x0000000771b80000,0x0000000772580000)
 ParOldGen       total 169472K, used 32K [0x00000006c9600000, 0x00000006d3b80000, 0x000000076dd00000)
  object space 169472K, 0% used [0x00000006c9600000,0x00000006c9608000,0x00000006d3b80000)
 Metaspace       used 16746K, capacity 17032K, committed 17280K, reserved 1064960K
  class space    used 1954K, capacity 2049K, committed 2176K, reserved 1048576K
Event: 1,920 GC heap after
Heap after GC invocations=3 (full 0):
 PSYoungGen      total 74240K, used 9787K [0x000000076dd00000, 0x0000000776e00000, 0x00000007c0000000)
  eden space 64000K, 0% used [0x000000076dd00000,0x000000076dd00000,0x0000000771b80000)
  from space 10240K, 95% used [0x0000000771b80000,0x000000077250efc8,0x0000000772580000)
  to   space 10240K, 0% used [0x0000000776400000,0x0000000776400000,0x0000000776e00000)
 ParOldGen       total 169472K, used 40K [0x00000006c9600000, 0x00000006d3b80000, 0x000000076dd00000)
  object space 169472K, 0% used [0x00000006c9600000,0x00000006c960a000,0x00000006d3b80000)
 Metaspace       used 16746K, capacity 17032K, committed 17280K, reserved 1064960K
  class space    used 1954K, capacity 2049K, committed 2176K, reserved 1048576K
}
Event: 2,519 GC heap before
{Heap before GC invocations=4 (full 0):
 PSYoungGen      total 74240K, used 73787K [0x000000076dd00000, 0x0000000776e00000, 0x00000007c0000000)
  eden space 64000K, 100% used [0x000000076dd00000,0x0000000771b80000,0x0000000771b80000)
  from space 10240K, 95% used [0x0000000771b80000,0x000000077250efc8,0x0000000772580000)
  to   space 10240K, 0% used [0x0000000776400000,0x0000000776400000,0x0000000776e00000)
 ParOldGen       total 169472K, used 40K [0x00000006c9600000, 0x00000006d3b80000, 0x000000076dd00000)
  object space 169472K, 0% used [0x00000006c9600000,0x00000006c960a000,0x00000006d3b80000)
 Metaspace       used 17091K, capacity 17358K, committed 17792K, reserved 1064960K
  class space    used 1957K, capacity 2050K, committed 2176K, reserved 1048576K
Event: 2,547 GC heap after
Heap after GC invocations=4 (full 0):
 PSYoungGen      total 138240K, used 10208K [0x000000076dd00000, 0x0000000776e00000, 0x00000007c0000000)
  eden space 128000K, 0% used [0x000000076dd00000,0x000000076dd00000,0x0000000775a00000)
  from space 10240K, 99% used [0x0000000776400000,0x0000000776df8020,0x0000000776e00000)
  to   space 10240K, 0% used [0x0000000775a00000,0x0000000775a00000,0x0000000776400000)
 ParOldGen       total 169472K, used 1936K [0x00000006c9600000, 0x00000006d3b80000, 0x000000076dd00000)
  object space 169472K, 1% used [0x00000006c9600000,0x00000006c97e4000,0x00000006d3b80000)
 Metaspace       used 17091K, capacity 17358K, committed 17792K, reserved 1064960K
  class space    used 1957K, capacity 2050K, committed 2176K, reserved 1048576K
}
Event: 4,019 GC heap before
{Heap before GC invocations=5 (full 0):
 PSYoungGen      total 138240K, used 138208K [0x000000076dd00000, 0x0000000776e00000, 0x00000007c0000000)
  eden space 128000K, 100% used [0x000000076dd00000,0x0000000775a00000,0x0000000775a00000)
  from space 10240K, 99% used [0x0000000776400000,0x0000000776df8020,0x0000000776e00000)
  to   space 10240K, 0% used [0x0000000775a00000,0x0000000775a00000,0x0000000776400000)
 ParOldGen       total 169472K, used 1936K [0x00000006c9600000, 0x00000006d3b80000, 0x000000076dd00000)
  object space 169472K, 1% used [0x00000006c9600000,0x00000006c97e4000,0x00000006d3b80000)
 Metaspace       used 18700K, capacity 19158K, committed 19456K, reserved 1067008K
  class space    used 2117K, capacity 2201K, committed 2304K, reserved 1048576K

